<?xml version="1.0" encoding="UTF-8"?>
<!-- Generated by org.testng.reporters.JUnitReportReporter -->
<testsuite hostname="Jamunakash" failures="0" tests="1" name="org.apis.LibraryAPI" time="1.508" errors="0" timestamp="2024-04-22T18:00:05 IST" skipped="0">
  <testcase classname="org.apis.LibraryAPI" name="addBookRequest" time="1.508"/>
</testsuite> <!-- org.apis.LibraryAPI -->
